Building...
Deleted existing Unix socket file: /home/RubyManager/web/whatsapp.rubymanager.app/netcoreapp/app.sock
Listening on Unix socket: /home/RubyManager/web/whatsapp.rubymanager.app/netcoreapp/app.sock
dbug: Microsoft.AspNetCore.Mvc.ModelBinding.ModelBinderFactory[12]
      Registered model binder providers, in the following order: Microsoft.AspNetCore.Mvc.ModelBinding.Binders.BinderTypeModelBinderProvider, Microsoft.AspNetCore.Mvc.ModelBinding.Binders.ServicesModelBinderProvider, Microsoft.AspNetCore.Mvc.ModelBinding.Binders.BodyModelBinderProvider, Microsoft.AspNetCore.Mvc.ModelBinding.Binders.HeaderModelBinderProvider, Microsoft.AspNetCore.Mvc.ModelBinding.Binders.FloatingPointTypeModelBinderProvider, Microsoft.AspNetCore.Mvc.ModelBinding.Binders.EnumTypeModelBinderProvider, Microsoft.AspNetCore.Mvc.ModelBinding.Binders.DateTimeModelBinderProvider, Microsoft.AspNetCore.Mvc.ModelBinding.Binders.SimpleTypeModelBinderProvider, Microsoft.AspNetCore.Mvc.ModelBinding.Binders.TryParseModelBinderProvider, Microsoft.AspNetCore.Mvc.ModelBinding.Binders.CancellationTokenModelBinderProvider, Microsoft.AspNetCore.Mvc.ModelBinding.Binders.ByteArrayModelBinderProvider, Microsoft.AspNetCore.Mvc.ModelBinding.Binders.FormFileModelBinderProvider, Microsoft.AspNetCore.Mvc.ModelBinding.Binders.FormCollectionModelBinderProvider, Microsoft.AspNetCore.Mvc.ModelBinding.Binders.KeyValuePairModelBinderProvider, Microsoft.AspNetCore.Mvc.ModelBinding.Binders.DictionaryModelBinderProvider, Microsoft.AspNetCore.Mvc.ModelBinding.Binders.ArrayModelBinderProvider, Microsoft.AspNetCore.Mvc.ModelBinding.Binders.CollectionModelBinderProvider, Microsoft.AspNetCore.Mvc.ModelBinding.Binders.ComplexObjectModelBinderProvider
dbug: Microsoft.Extensions.Hosting.Internal.Host[1]
      Hosting starting
warn: Microsoft.AspNetCore.Server.Kestrel[0]
      Overriding address(es) 'http://localhost:5283'. Binding to endpoints defined via IConfiguration and/or UseKestrel() instead.
info: Microsoft.Hosting.Lifetime[14]
      Now listening on: http://unix:/home/RubyManager/web/whatsapp.rubymanager.app/netcoreapp/app.sock
dbug: Microsoft.AspNetCore.Hosting.Diagnostics[13]
      Loaded hosting startup assembly WhatsAppApi
info: Microsoft.Hosting.Lifetime[0]
      Application started. Press Ctrl+C to shut down.
info: Microsoft.Hosting.Lifetime[0]
      Hosting environment: Development
info: Microsoft.Hosting.Lifetime[0]
      Content root path: /root/BaileysCSharp/WhatsAppApi
dbug: Microsoft.Extensions.Hosting.Internal.Host[2]
      Hosting started
dbug: Microsoft.Extensions.Http.DefaultHttpClientFactory[103]
      HttpMessageHandler expired after 120000ms for client 'IWhatsAppServiceV2'
dbug: Microsoft.Extensions.Http.DefaultHttpClientFactory[100]
      Starting HttpMessageHandler cleanup cycle with 1 items
dbug: Microsoft.Extensions.Http.DefaultHttpClientFactory[101]
      Ending HttpMessageHandler cleanup cycle after 0.0731ms - processed: 0 items - remaining: 1 items
dbug: Microsoft.Extensions.Http.DefaultHttpClientFactory[100]
      Starting HttpMessageHandler cleanup cycle with 1 items
dbug: Microsoft.Extensions.Http.DefaultHttpClientFactory[101]
      Ending HttpMessageHandler cleanup cycle after 0.0237ms - processed: 0 items - remaining: 1 items
dbug: Microsoft.Extensions.Http.DefaultHttpClientFactory[100]
      Starting HttpMessageHandler cleanup cycle with 1 items
dbug: Microsoft.Extensions.Http.DefaultHttpClientFactory[101]
      Ending HttpMessageHandler cleanup cycle after 0.008ms - processed: 0 items - remaining: 1 items
dbug: Microsoft.Extensions.Http.DefaultHttpClientFactory[100]
      Starting HttpMessageHandler cleanup cycle with 1 items
dbug: Microsoft.Extensions.Http.DefaultHttpClientFactory[101]
      Ending HttpMessageHandler cleanup cycle after 0.0028ms - processed: 0 items - remaining: 1 items
dbug: Microsoft.Extensions.Http.DefaultHttpClientFactory[100]
      Starting HttpMessageHandler cleanup cycle with 1 items
dbug: Microsoft.Extensions.Http.DefaultHttpClientFactory[101]
      Ending HttpMessageHandler cleanup cycle after 0.0074ms - processed: 0 items - remaining: 1 items
dbug: Microsoft.Extensions.Http.DefaultHttpClientFactory[100]
      Starting HttpMessageHandler cleanup cycle with 1 items
dbug: Microsoft.Extensions.Http.DefaultHttpClientFactory[101]
      Ending HttpMessageHandler cleanup cycle after 0.0024ms - processed: 0 items - remaining: 1 items
dbug: Microsoft.Extensions.Http.DefaultHttpClientFactory[100]
      Starting HttpMessageHandler cleanup cycle with 1 items
dbug: Microsoft.Extensions.Http.DefaultHttpClientFactory[101]
      Ending HttpMessageHandler cleanup cycle after 0.0041ms - processed: 0 items - remaining: 1 items
dbug: Microsoft.Extensions.Http.DefaultHttpClientFactory[100]
      Starting HttpMessageHandler cleanup cycle with 1 items
dbug: Microsoft.Extensions.Http.DefaultHttpClientFactory[101]
      Ending HttpMessageHandler cleanup cycle after 0.0073ms - processed: 0 items - remaining: 1 items
dbug: Microsoft.Extensions.Http.DefaultHttpClientFactory[100]
      Starting HttpMessageHandler cleanup cycle with 1 items
dbug: Microsoft.Extensions.Http.DefaultHttpClientFactory[101]
      Ending HttpMessageHandler cleanup cycle after 0.4645ms - processed: 0 items - remaining: 1 items
dbug: Microsoft.Extensions.Http.DefaultHttpClientFactory[100]
      Starting HttpMessageHandler cleanup cycle with 1 items
dbug: Microsoft.Extensions.Http.DefaultHttpClientFactory[101]
      Ending HttpMessageHandler cleanup cycle after 0.002ms - processed: 0 items - remaining: 1 items
dbug: Microsoft.Extensions.Http.DefaultHttpClientFactory[100]
      Starting HttpMessageHandler cleanup cycle with 1 items
dbug: Microsoft.Extensions.Http.DefaultHttpClientFactory[101]
      Ending HttpMessageHandler cleanup cycle after 0.0026ms - processed: 0 items - remaining: 1 items
dbug: Microsoft.Extensions.Http.DefaultHttpClientFactory[100]
      Starting HttpMessageHandler cleanup cycle with 1 items
dbug: Microsoft.Extensions.Http.DefaultHttpClientFactory[101]
      Ending HttpMessageHandler cleanup cycle after 0.0026ms - processed: 0 items - remaining: 1 items
dbug: Microsoft.Extensions.Http.DefaultHttpClientFactory[100]
      Starting HttpMessageHandler cleanup cycle with 1 items
dbug: Microsoft.Extensions.Http.DefaultHttpClientFactory[101]
      Ending HttpMessageHandler cleanup cycle after 0.0031ms - processed: 0 items - remaining: 1 items
dbug: Microsoft.Extensions.Http.DefaultHttpClientFactory[100]
      Starting HttpMessageHandler cleanup cycle with 1 items
dbug: Microsoft.Extensions.Http.DefaultHttpClientFactory[101]
      Ending HttpMessageHandler cleanup cycle after 0.0023ms - processed: 0 items - remaining: 1 items
dbug: Microsoft.Extensions.Http.DefaultHttpClientFactory[100]
      Starting HttpMessageHandler cleanup cycle with 1 items
dbug: Microsoft.Extensions.Http.DefaultHttpClientFactory[101]
      Ending HttpMessageHandler cleanup cycle after 0.0042ms - processed: 0 items - remaining: 1 items
dbug: Microsoft.Extensions.Http.DefaultHttpClientFactory[100]
      Starting HttpMessageHandler cleanup cycle with 1 items
dbug: Microsoft.Extensions.Http.DefaultHttpClientFactory[101]
      Ending HttpMessageHandler cleanup cycle after 0.3525ms - processed: 0 items - remaining: 1 items
dbug: Microsoft.Extensions.Http.DefaultHttpClientFactory[100]
      Starting HttpMessageHandler cleanup cycle with 1 items
dbug: Microsoft.Extensions.Http.DefaultHttpClientFactory[101]
      Ending HttpMessageHandler cleanup cycle after 0.0336ms - processed: 0 items - remaining: 1 items
dbug: WhatsAppApi.Services.WhatsAppServiceV2[0]
      Health check: 0 active sessions
dbug: WhatsAppApi.Middleware.RateLimitingMiddleware[0]
      Rate limiting cleanup: 0 expired clients removed, 0 active clients
dbug: Microsoft.Extensions.Http.DefaultHttpClientFactory[100]
      Starting HttpMessageHandler cleanup cycle with 1 items
dbug: Microsoft.Extensions.Http.DefaultHttpClientFactory[101]
      Ending HttpMessageHandler cleanup cycle after 0.0028ms - processed: 0 items - remaining: 1 items
dbug: Microsoft.Extensions.Http.DefaultHttpClientFactory[100]
      Starting HttpMessageHandler cleanup cycle with 1 items
dbug: Microsoft.Extensions.Http.DefaultHttpClientFactory[101]
      Ending HttpMessageHandler cleanup cycle after 0.0025ms - processed: 0 items - remaining: 1 items
dbug: Microsoft.Extensions.Http.DefaultHttpClientFactory[100]
      Starting HttpMessageHandler cleanup cycle with 1 items
dbug: Microsoft.Extensions.Http.DefaultHttpClientFactory[101]
      Ending HttpMessageHandler cleanup cycle after 0.0029ms - processed: 0 items - remaining: 1 items
dbug: Microsoft.Extensions.Http.DefaultHttpClientFactory[100]
      Starting HttpMessageHandler cleanup cycle with 1 items
dbug: Microsoft.Extensions.Http.DefaultHttpClientFactory[101]
      Ending HttpMessageHandler cleanup cycle after 0.004ms - processed: 0 items - remaining: 1 items
dbug: Microsoft.Extensions.Http.DefaultHttpClientFactory[100]
      Starting HttpMessageHandler cleanup cycle with 1 items
dbug: Microsoft.Extensions.Http.DefaultHttpClientFactory[101]
      Ending HttpMessageHandler cleanup cycle after 0.0051ms - processed: 0 items - remaining: 1 items
dbug: Microsoft.Extensions.Http.DefaultHttpClientFactory[100]
      Starting HttpMessageHandler cleanup cycle with 1 items
dbug: Microsoft.Extensions.Http.DefaultHttpClientFactory[101]
      Ending HttpMessageHandler cleanup cycle after 0.0044ms - processed: 0 items - remaining: 1 items
dbug: Microsoft.Extensions.Http.DefaultHttpClientFactory[100]
      Starting HttpMessageHandler cleanup cycle with 1 items
dbug: Microsoft.Extensions.Http.DefaultHttpClientFactory[101]
      Ending HttpMessageHandler cleanup cycle after 0.0034ms - processed: 0 items - remaining: 1 items
dbug: Microsoft.Extensions.Http.DefaultHttpClientFactory[100]
      Starting HttpMessageHandler cleanup cycle with 1 items
dbug: Microsoft.Extensions.Http.DefaultHttpClientFactory[101]
      Ending HttpMessageHandler cleanup cycle after 0.0072ms - processed: 0 items - remaining: 1 items
dbug: Microsoft.Extensions.Http.DefaultHttpClientFactory[100]
      Starting HttpMessageHandler cleanup cycle with 1 items
dbug: Microsoft.Extensions.Http.DefaultHttpClientFactory[101]
      Ending HttpMessageHandler cleanup cycle after 0.005ms - processed: 0 items - remaining: 1 items
dbug: Microsoft.Extensions.Http.DefaultHttpClientFactory[100]
      Starting HttpMessageHandler cleanup cycle with 1 items
dbug: Microsoft.Extensions.Http.DefaultHttpClientFactory[101]
      Ending HttpMessageHandler cleanup cycle after 0.0035ms - processed: 0 items - remaining: 1 items
dbug: Microsoft.Extensions.Http.DefaultHttpClientFactory[100]
      Starting HttpMessageHandler cleanup cycle with 1 items
dbug: Microsoft.Extensions.Http.DefaultHttpClientFactory[101]
      Ending HttpMessageHandler cleanup cycle after 0.0037ms - processed: 0 items - remaining: 1 items
dbug: Microsoft.Extensions.Http.DefaultHttpClientFactory[100]
      Starting HttpMessageHandler cleanup cycle with 1 items
dbug: Microsoft.Extensions.Http.DefaultHttpClientFactory[101]
      Ending HttpMessageHandler cleanup cycle after 0.0063ms - processed: 0 items - remaining: 1 items
dbug: Microsoft.Extensions.Http.DefaultHttpClientFactory[100]
      Starting HttpMessageHandler cleanup cycle with 1 items
dbug: Microsoft.Extensions.Http.DefaultHttpClientFactory[101]
      Ending HttpMessageHandler cleanup cycle after 0.0051ms - processed: 0 items - remaining: 1 items
dbug: Microsoft.Extensions.Http.DefaultHttpClientFactory[100]
      Starting HttpMessageHandler cleanup cycle with 1 items
dbug: Microsoft.Extensions.Http.DefaultHttpClientFactory[101]
      Ending HttpMessageHandler cleanup cycle after 0.0076ms - processed: 0 items - remaining: 1 items
dbug: Microsoft.Extensions.Http.DefaultHttpClientFactory[100]
      Starting HttpMessageHandler cleanup cycle with 1 items
dbug: Microsoft.Extensions.Http.DefaultHttpClientFactory[101]
      Ending HttpMessageHandler cleanup cycle after 0.0009ms - processed: 0 items - remaining: 1 items
dbug: Microsoft.Extensions.Http.DefaultHttpClientFactory[100]
      Starting HttpMessageHandler cleanup cycle with 1 items
dbug: Microsoft.Extensions.Http.DefaultHttpClientFactory[101]
      Ending HttpMessageHandler cleanup cycle after 0.0009ms - processed: 0 items - remaining: 1 items
dbug: Microsoft.Extensions.Http.DefaultHttpClientFactory[100]
      Starting HttpMessageHandler cleanup cycle with 1 items
dbug: Microsoft.Extensions.Http.DefaultHttpClientFactory[101]
      Ending HttpMessageHandler cleanup cycle after 0.0019ms - processed: 0 items - remaining: 1 items
dbug: Microsoft.Extensions.Http.DefaultHttpClientFactory[100]
      Starting HttpMessageHandler cleanup cycle with 1 items
dbug: Microsoft.Extensions.Http.DefaultHttpClientFactory[101]
      Ending HttpMessageHandler cleanup cycle after 0.0009ms - processed: 0 items - remaining: 1 items
dbug: Microsoft.Extensions.Http.DefaultHttpClientFactory[100]
      Starting HttpMessageHandler cleanup cycle with 1 items
dbug: Microsoft.Extensions.Http.DefaultHttpClientFactory[101]
      Ending HttpMessageHandler cleanup cycle after 0.001ms - processed: 0 items - remaining: 1 items
dbug: Microsoft.Extensions.Http.DefaultHttpClientFactory[100]
      Starting HttpMessageHandler cleanup cycle with 1 items
dbug: Microsoft.Extensions.Http.DefaultHttpClientFactory[101]
      Ending HttpMessageHandler cleanup cycle after 0.002ms - processed: 0 items - remaining: 1 items
dbug: Microsoft.Extensions.Http.DefaultHttpClientFactory[100]
      Starting HttpMessageHandler cleanup cycle with 1 items
dbug: Microsoft.Extensions.Http.DefaultHttpClientFactory[101]
      Ending HttpMessageHandler cleanup cycle after 0.0019ms - processed: 0 items - remaining: 1 items
dbug: Microsoft.Extensions.Http.DefaultHttpClientFactory[100]
      Starting HttpMessageHandler cleanup cycle with 1 items
dbug: Microsoft.Extensions.Http.DefaultHttpClientFactory[101]
      Ending HttpMessageHandler cleanup cycle after 0.0013ms - processed: 0 items - remaining: 1 items
dbug: Microsoft.Extensions.Http.DefaultHttpClientFactory[100]
      Starting HttpMessageHandler cleanup cycle with 1 items
dbug: Microsoft.Extensions.Http.DefaultHttpClientFactory[101]
      Ending HttpMessageHandler cleanup cycle after 0.005ms - processed: 0 items - remaining: 1 items
dbug: Microsoft.AspNetCore.Server.Kestrel[0]
      Config reload token fired. Checking for changes...
dbug: WhatsAppApi.Services.WhatsAppServiceV2[0]
      Health check: 0 active sessions
dbug: WhatsAppApi.Middleware.RateLimitingMiddleware[0]
      Rate limiting cleanup: 0 expired clients removed, 0 active clients
dbug: WhatsAppApi.Services.WhatsAppServiceV2[0]
      Health check: 0 active sessions
dbug: WhatsAppApi.Middleware.RateLimitingMiddleware[0]
      Rate limiting cleanup: 0 expired clients removed, 0 active clients
dbug: WhatsAppApi.Services.WhatsAppServiceV2[0]
      Health check: 0 active sessions
dbug: WhatsAppApi.Middleware.RateLimitingMiddleware[0]
      Rate limiting cleanup: 0 expired clients removed, 0 active clients
dbug: WhatsAppApi.Services.WhatsAppServiceV2[0]
      Health check: 0 active sessions
dbug: WhatsAppApi.Middleware.RateLimitingMiddleware[0]
      Rate limiting cleanup: 0 expired clients removed, 0 active clients
dbug: WhatsAppApi.Services.WhatsAppServiceV2[0]
      Health check: 0 active sessions
dbug: WhatsAppApi.Middleware.RateLimitingMiddleware[0]
      Rate limiting cleanup: 0 expired clients removed, 0 active clients
dbug: WhatsAppApi.Services.WhatsAppServiceV2[0]
      Health check: 0 active sessions
dbug: WhatsAppApi.Middleware.RateLimitingMiddleware[0]
      Rate limiting cleanup: 0 expired clients removed, 0 active clients
dbug: WhatsAppApi.Services.WhatsAppServiceV2[0]
      Health check: 0 active sessions
dbug: WhatsAppApi.Middleware.RateLimitingMiddleware[0]
      Rate limiting cleanup: 0 expired clients removed, 0 active clients
dbug: WhatsAppApi.Services.WhatsAppServiceV2[0]
      Health check: 0 active sessions
dbug: WhatsAppApi.Middleware.RateLimitingMiddleware[0]
      Rate limiting cleanup: 0 expired clients removed, 0 active clients
dbug: WhatsAppApi.Services.WhatsAppServiceV2[0]
      Health check: 0 active sessions
dbug: WhatsAppApi.Middleware.RateLimitingMiddleware[0]
      Rate limiting cleanup: 0 expired clients removed, 0 active clients
dbug: WhatsAppApi.Services.WhatsAppServiceV2[0]
      Health check: 0 active sessions
dbug: WhatsAppApi.Middleware.RateLimitingMiddleware[0]
      Rate limiting cleanup: 0 expired clients removed, 0 active clients
dbug: WhatsAppApi.Services.WhatsAppServiceV2[0]
      Health check: 0 active sessions
dbug: WhatsAppApi.Middleware.RateLimitingMiddleware[0]
      Rate limiting cleanup: 0 expired clients removed, 0 active clients
dbug: WhatsAppApi.Services.WhatsAppServiceV2[0]
      Health check: 0 active sessions
dbug: WhatsAppApi.Middleware.RateLimitingMiddleware[0]
      Rate limiting cleanup: 0 expired clients removed, 0 active clients
dbug: WhatsAppApi.Services.WhatsAppServiceV2[0]
      Health check: 0 active sessions
dbug: WhatsAppApi.Middleware.RateLimitingMiddleware[0]
      Rate limiting cleanup: 0 expired clients removed, 0 active clients
dbug: WhatsAppApi.Services.WhatsAppServiceV2[0]
      Health check: 0 active sessions
dbug: WhatsAppApi.Middleware.RateLimitingMiddleware[0]
      Rate limiting cleanup: 0 expired clients removed, 0 active clients
dbug: WhatsAppApi.Services.WhatsAppServiceV2[0]
      Health check: 0 active sessions
dbug: WhatsAppApi.Middleware.RateLimitingMiddleware[0]
      Rate limiting cleanup: 0 expired clients removed, 0 active clients
dbug: WhatsAppApi.Services.WhatsAppServiceV2[0]
      Health check: 0 active sessions
dbug: WhatsAppApi.Middleware.RateLimitingMiddleware[0]
      Rate limiting cleanup: 0 expired clients removed, 0 active clients
dbug: WhatsAppApi.Services.WhatsAppServiceV2[0]
      Health check: 0 active sessions
dbug: WhatsAppApi.Middleware.RateLimitingMiddleware[0]
      Rate limiting cleanup: 0 expired clients removed, 0 active clients
dbug: WhatsAppApi.Services.WhatsAppServiceV2[0]
      Health check: 0 active sessions
dbug: WhatsAppApi.Middleware.RateLimitingMiddleware[0]
      Rate limiting cleanup: 0 expired clients removed, 0 active clients
dbug: WhatsAppApi.Services.WhatsAppServiceV2[0]
      Health check: 0 active sessions
dbug: WhatsAppApi.Middleware.RateLimitingMiddleware[0]
      Rate limiting cleanup: 0 expired clients removed, 0 active clients
dbug: WhatsAppApi.Services.WhatsAppServiceV2[0]
      Health check: 0 active sessions
dbug: WhatsAppApi.Middleware.RateLimitingMiddleware[0]
      Rate limiting cleanup: 0 expired clients removed, 0 active clients
dbug: WhatsAppApi.Services.WhatsAppServiceV2[0]
      Health check: 0 active sessions
dbug: WhatsAppApi.Middleware.RateLimitingMiddleware[0]
      Rate limiting cleanup: 0 expired clients removed, 0 active clients
dbug: WhatsAppApi.Services.WhatsAppServiceV2[0]
      Health check: 0 active sessions
dbug: WhatsAppApi.Middleware.RateLimitingMiddleware[0]
      Rate limiting cleanup: 0 expired clients removed, 0 active clients
dbug: WhatsAppApi.Services.WhatsAppServiceV2[0]
      Health check: 0 active sessions
dbug: WhatsAppApi.Middleware.RateLimitingMiddleware[0]
      Rate limiting cleanup: 0 expired clients removed, 0 active clients
dbug: WhatsAppApi.Services.WhatsAppServiceV2[0]
      Health check: 0 active sessions
dbug: WhatsAppApi.Middleware.RateLimitingMiddleware[0]
      Rate limiting cleanup: 0 expired clients removed, 0 active clients
dbug: WhatsAppApi.Services.WhatsAppServiceV2[0]
      Health check: 0 active sessions
dbug: WhatsAppApi.Middleware.RateLimitingMiddleware[0]
      Rate limiting cleanup: 0 expired clients removed, 0 active clients
dbug: WhatsAppApi.Services.WhatsAppServiceV2[0]
      Health check: 0 active sessions
dbug: WhatsAppApi.Middleware.RateLimitingMiddleware[0]
      Rate limiting cleanup: 0 expired clients removed, 0 active clients
dbug: WhatsAppApi.Services.WhatsAppServiceV2[0]
      Health check: 0 active sessions
dbug: WhatsAppApi.Middleware.RateLimitingMiddleware[0]
      Rate limiting cleanup: 0 expired clients removed, 0 active clients
dbug: WhatsAppApi.Services.WhatsAppServiceV2[0]
      Health check: 0 active sessions
dbug: WhatsAppApi.Middleware.RateLimitingMiddleware[0]
      Rate limiting cleanup: 0 expired clients removed, 0 active clients
dbug: WhatsAppApi.Services.WhatsAppServiceV2[0]
      Health check: 0 active sessions
dbug: WhatsAppApi.Middleware.RateLimitingMiddleware[0]
      Rate limiting cleanup: 0 expired clients removed, 0 active clients
dbug: WhatsAppApi.Services.WhatsAppServiceV2[0]
      Health check: 0 active sessions
dbug: WhatsAppApi.Middleware.RateLimitingMiddleware[0]
      Rate limiting cleanup: 0 expired clients removed, 0 active clients
dbug: WhatsAppApi.Services.WhatsAppServiceV2[0]
      Health check: 0 active sessions
dbug: WhatsAppApi.Middleware.RateLimitingMiddleware[0]
      Rate limiting cleanup: 0 expired clients removed, 0 active clients
dbug: WhatsAppApi.Services.WhatsAppServiceV2[0]
      Health check: 0 active sessions
dbug: WhatsAppApi.Middleware.RateLimitingMiddleware[0]
      Rate limiting cleanup: 0 expired clients removed, 0 active clients
dbug: WhatsAppApi.Services.WhatsAppServiceV2[0]
      Health check: 0 active sessions
dbug: WhatsAppApi.Middleware.RateLimitingMiddleware[0]
      Rate limiting cleanup: 0 expired clients removed, 0 active clients
dbug: WhatsAppApi.Services.WhatsAppServiceV2[0]
      Health check: 0 active sessions
dbug: WhatsAppApi.Middleware.RateLimitingMiddleware[0]
      Rate limiting cleanup: 0 expired clients removed, 0 active clients
dbug: WhatsAppApi.Services.WhatsAppServiceV2[0]
      Health check: 0 active sessions
dbug: WhatsAppApi.Middleware.RateLimitingMiddleware[0]
      Rate limiting cleanup: 0 expired clients removed, 0 active clients
dbug: WhatsAppApi.Services.WhatsAppServiceV2[0]
      Health check: 0 active sessions
dbug: WhatsAppApi.Middleware.RateLimitingMiddleware[0]
      Rate limiting cleanup: 0 expired clients removed, 0 active clients
dbug: WhatsAppApi.Services.WhatsAppServiceV2[0]
      Health check: 0 active sessions
dbug: WhatsAppApi.Middleware.RateLimitingMiddleware[0]
      Rate limiting cleanup: 0 expired clients removed, 0 active clients
dbug: WhatsAppApi.Services.WhatsAppServiceV2[0]
      Health check: 0 active sessions
dbug: WhatsAppApi.Middleware.RateLimitingMiddleware[0]
      Rate limiting cleanup: 0 expired clients removed, 0 active clients
dbug: WhatsAppApi.Services.WhatsAppServiceV2[0]
      Health check: 0 active sessions
dbug: WhatsAppApi.Middleware.RateLimitingMiddleware[0]
      Rate limiting cleanup: 0 expired clients removed, 0 active clients
dbug: WhatsAppApi.Services.WhatsAppServiceV2[0]
      Health check: 0 active sessions
dbug: WhatsAppApi.Middleware.RateLimitingMiddleware[0]
      Rate limiting cleanup: 0 expired clients removed, 0 active clients
dbug: WhatsAppApi.Services.WhatsAppServiceV2[0]
      Health check: 0 active sessions
dbug: WhatsAppApi.Middleware.RateLimitingMiddleware[0]
      Rate limiting cleanup: 0 expired clients removed, 0 active clients
dbug: WhatsAppApi.Services.WhatsAppServiceV2[0]
      Health check: 0 active sessions
dbug: WhatsAppApi.Middleware.RateLimitingMiddleware[0]
      Rate limiting cleanup: 0 expired clients removed, 0 active clients
dbug: WhatsAppApi.Services.WhatsAppServiceV2[0]
      Health check: 0 active sessions
dbug: WhatsAppApi.Middleware.RateLimitingMiddleware[0]
      Rate limiting cleanup: 0 expired clients removed, 0 active clients
dbug: WhatsAppApi.Services.WhatsAppServiceV2[0]
      Health check: 0 active sessions
dbug: WhatsAppApi.Middleware.RateLimitingMiddleware[0]
      Rate limiting cleanup: 0 expired clients removed, 0 active clients
dbug: WhatsAppApi.Services.WhatsAppServiceV2[0]
      Health check: 0 active sessions
dbug: WhatsAppApi.Middleware.RateLimitingMiddleware[0]
      Rate limiting cleanup: 0 expired clients removed, 0 active clients
dbug: WhatsAppApi.Services.WhatsAppServiceV2[0]
      Health check: 0 active sessions
dbug: WhatsAppApi.Middleware.RateLimitingMiddleware[0]
      Rate limiting cleanup: 0 expired clients removed, 0 active clients
dbug: WhatsAppApi.Services.WhatsAppServiceV2[0]
      Health check: 0 active sessions
dbug: WhatsAppApi.Middleware.RateLimitingMiddleware[0]
      Rate limiting cleanup: 0 expired clients removed, 0 active clients
dbug: WhatsAppApi.Services.WhatsAppServiceV2[0]
      Health check: 0 active sessions
dbug: WhatsAppApi.Middleware.RateLimitingMiddleware[0]
      Rate limiting cleanup: 0 expired clients removed, 0 active clients
dbug: WhatsAppApi.Services.WhatsAppServiceV2[0]
      Health check: 0 active sessions
dbug: WhatsAppApi.Middleware.RateLimitingMiddleware[0]
      Rate limiting cleanup: 0 expired clients removed, 0 active clients
dbug: WhatsAppApi.Services.WhatsAppServiceV2[0]
      Health check: 0 active sessions
dbug: WhatsAppApi.Middleware.RateLimitingMiddleware[0]
      Rate limiting cleanup: 0 expired clients removed, 0 active clients
dbug: WhatsAppApi.Services.WhatsAppServiceV2[0]
      Health check: 0 active sessions
dbug: WhatsAppApi.Middleware.RateLimitingMiddleware[0]
      Rate limiting cleanup: 0 expired clients removed, 0 active clients
dbug: WhatsAppApi.Services.WhatsAppServiceV2[0]
      Health check: 0 active sessions
dbug: WhatsAppApi.Middleware.RateLimitingMiddleware[0]
      Rate limiting cleanup: 0 expired clients removed, 0 active clients
dbug: WhatsAppApi.Services.WhatsAppServiceV2[0]
      Health check: 0 active sessions
dbug: WhatsAppApi.Middleware.RateLimitingMiddleware[0]
      Rate limiting cleanup: 0 expired clients removed, 0 active clients
dbug: WhatsAppApi.Services.WhatsAppServiceV2[0]
      Health check: 0 active sessions
dbug: WhatsAppApi.Middleware.RateLimitingMiddleware[0]
      Rate limiting cleanup: 0 expired clients removed, 0 active clients
dbug: WhatsAppApi.Services.WhatsAppServiceV2[0]
      Health check: 0 active sessions
dbug: WhatsAppApi.Middleware.RateLimitingMiddleware[0]
      Rate limiting cleanup: 0 expired clients removed, 0 active clients
dbug: WhatsAppApi.Services.WhatsAppServiceV2[0]
      Health check: 0 active sessions
dbug: WhatsAppApi.Middleware.RateLimitingMiddleware[0]
      Rate limiting cleanup: 0 expired clients removed, 0 active clients
dbug: WhatsAppApi.Services.WhatsAppServiceV2[0]
      Health check: 0 active sessions
dbug: WhatsAppApi.Middleware.RateLimitingMiddleware[0]
      Rate limiting cleanup: 0 expired clients removed, 0 active clients
dbug: WhatsAppApi.Services.WhatsAppServiceV2[0]
      Health check: 0 active sessions
dbug: WhatsAppApi.Middleware.RateLimitingMiddleware[0]
      Rate limiting cleanup: 0 expired clients removed, 0 active clients
dbug: WhatsAppApi.Services.WhatsAppServiceV2[0]
      Health check: 0 active sessions
dbug: WhatsAppApi.Middleware.RateLimitingMiddleware[0]
      Rate limiting cleanup: 0 expired clients removed, 0 active clients
dbug: WhatsAppApi.Services.WhatsAppServiceV2[0]
      Health check: 0 active sessions
dbug: WhatsAppApi.Middleware.RateLimitingMiddleware[0]
      Rate limiting cleanup: 0 expired clients removed, 0 active clients
dbug: WhatsAppApi.Services.WhatsAppServiceV2[0]
      Health check: 0 active sessions
dbug: WhatsAppApi.Middleware.RateLimitingMiddleware[0]
      Rate limiting cleanup: 0 expired clients removed, 0 active clients
dbug: WhatsAppApi.Services.WhatsAppServiceV2[0]
      Health check: 0 active sessions
dbug: WhatsAppApi.Middleware.RateLimitingMiddleware[0]
      Rate limiting cleanup: 0 expired clients removed, 0 active clients
dbug: WhatsAppApi.Services.WhatsAppServiceV2[0]
      Health check: 0 active sessions
dbug: WhatsAppApi.Middleware.RateLimitingMiddleware[0]
      Rate limiting cleanup: 0 expired clients removed, 0 active clients
dbug: WhatsAppApi.Services.WhatsAppServiceV2[0]
      Health check: 0 active sessions
dbug: WhatsAppApi.Middleware.RateLimitingMiddleware[0]
      Rate limiting cleanup: 0 expired clients removed, 0 active clients
dbug: WhatsAppApi.Services.WhatsAppServiceV2[0]
      Health check: 0 active sessions
dbug: WhatsAppApi.Middleware.RateLimitingMiddleware[0]
      Rate limiting cleanup: 0 expired clients removed, 0 active clients
dbug: WhatsAppApi.Services.WhatsAppServiceV2[0]
      Health check: 0 active sessions
dbug: WhatsAppApi.Middleware.RateLimitingMiddleware[0]
      Rate limiting cleanup: 0 expired clients removed, 0 active clients
dbug: WhatsAppApi.Services.WhatsAppServiceV2[0]
      Health check: 0 active sessions
dbug: WhatsAppApi.Middleware.RateLimitingMiddleware[0]
      Rate limiting cleanup: 0 expired clients removed, 0 active clients
dbug: WhatsAppApi.Services.WhatsAppServiceV2[0]
      Health check: 0 active sessions
dbug: WhatsAppApi.Middleware.RateLimitingMiddleware[0]
      Rate limiting cleanup: 0 expired clients removed, 0 active clients
dbug: WhatsAppApi.Services.WhatsAppServiceV2[0]
      Health check: 0 active sessions
dbug: WhatsAppApi.Middleware.RateLimitingMiddleware[0]
      Rate limiting cleanup: 0 expired clients removed, 0 active clients
dbug: WhatsAppApi.Services.WhatsAppServiceV2[0]
      Health check: 0 active sessions
dbug: WhatsAppApi.Middleware.RateLimitingMiddleware[0]
      Rate limiting cleanup: 0 expired clients removed, 0 active clients
dbug: WhatsAppApi.Services.WhatsAppServiceV2[0]
      Health check: 0 active sessions
dbug: WhatsAppApi.Middleware.RateLimitingMiddleware[0]
      Rate limiting cleanup: 0 expired clients removed, 0 active clients
dbug: WhatsAppApi.Services.WhatsAppServiceV2[0]
      Health check: 0 active sessions
dbug: WhatsAppApi.Middleware.RateLimitingMiddleware[0]
      Rate limiting cleanup: 0 expired clients removed, 0 active clients
dbug: WhatsAppApi.Services.WhatsAppServiceV2[0]
      Health check: 0 active sessions
dbug: WhatsAppApi.Middleware.RateLimitingMiddleware[0]
      Rate limiting cleanup: 0 expired clients removed, 0 active clients
dbug: WhatsAppApi.Services.WhatsAppServiceV2[0]
      Health check: 0 active sessions
dbug: WhatsAppApi.Middleware.RateLimitingMiddleware[0]
      Rate limiting cleanup: 0 expired clients removed, 0 active clients
dbug: WhatsAppApi.Services.WhatsAppServiceV2[0]
      Health check: 0 active sessions
dbug: WhatsAppApi.Middleware.RateLimitingMiddleware[0]
      Rate limiting cleanup: 0 expired clients removed, 0 active clients
dbug: WhatsAppApi.Services.WhatsAppServiceV2[0]
      Health check: 0 active sessions
dbug: WhatsAppApi.Middleware.RateLimitingMiddleware[0]
      Rate limiting cleanup: 0 expired clients removed, 0 active clients
dbug: WhatsAppApi.Services.WhatsAppServiceV2[0]
      Health check: 0 active sessions
dbug: WhatsAppApi.Middleware.RateLimitingMiddleware[0]
      Rate limiting cleanup: 0 expired clients removed, 0 active clients
dbug: WhatsAppApi.Services.WhatsAppServiceV2[0]
      Health check: 0 active sessions
dbug: WhatsAppApi.Middleware.RateLimitingMiddleware[0]
      Rate limiting cleanup: 0 expired clients removed, 0 active clients
dbug: WhatsAppApi.Services.WhatsAppServiceV2[0]
      Health check: 0 active sessions
dbug: WhatsAppApi.Middleware.RateLimitingMiddleware[0]
      Rate limiting cleanup: 0 expired clients removed, 0 active clients
dbug: WhatsAppApi.Services.WhatsAppServiceV2[0]
      Health check: 0 active sessions
dbug: WhatsAppApi.Middleware.RateLimitingMiddleware[0]
      Rate limiting cleanup: 0 expired clients removed, 0 active clients
dbug: WhatsAppApi.Services.WhatsAppServiceV2[0]
      Health check: 0 active sessions
dbug: WhatsAppApi.Middleware.RateLimitingMiddleware[0]
      Rate limiting cleanup: 0 expired clients removed, 0 active clients
dbug: WhatsAppApi.Services.WhatsAppServiceV2[0]
      Health check: 0 active sessions
dbug: WhatsAppApi.Middleware.RateLimitingMiddleware[0]
      Rate limiting cleanup: 0 expired clients removed, 0 active clients
dbug: WhatsAppApi.Services.WhatsAppServiceV2[0]
      Health check: 0 active sessions
dbug: WhatsAppApi.Middleware.RateLimitingMiddleware[0]
      Rate limiting cleanup: 0 expired clients removed, 0 active clients
dbug: WhatsAppApi.Services.WhatsAppServiceV2[0]
      Health check: 0 active sessions
dbug: WhatsAppApi.Middleware.RateLimitingMiddleware[0]
      Rate limiting cleanup: 0 expired clients removed, 0 active clients
dbug: WhatsAppApi.Services.WhatsAppServiceV2[0]
      Health check: 0 active sessions
dbug: WhatsAppApi.Middleware.RateLimitingMiddleware[0]
      Rate limiting cleanup: 0 expired clients removed, 0 active clients
dbug: WhatsAppApi.Services.WhatsAppServiceV2[0]
      Health check: 0 active sessions
dbug: WhatsAppApi.Middleware.RateLimitingMiddleware[0]
      Rate limiting cleanup: 0 expired clients removed, 0 active clients
dbug: WhatsAppApi.Services.WhatsAppServiceV2[0]
      Health check: 0 active sessions
dbug: WhatsAppApi.Middleware.RateLimitingMiddleware[0]
      Rate limiting cleanup: 0 expired clients removed, 0 active clients
dbug: WhatsAppApi.Services.WhatsAppServiceV2[0]
      Health check: 0 active sessions
dbug: WhatsAppApi.Middleware.RateLimitingMiddleware[0]
      Rate limiting cleanup: 0 expired clients removed, 0 active clients
dbug: WhatsAppApi.Services.WhatsAppServiceV2[0]
      Health check: 0 active sessions
dbug: WhatsAppApi.Middleware.RateLimitingMiddleware[0]
      Rate limiting cleanup: 0 expired clients removed, 0 active clients
